g:\robotics club\umlroboticsclub\trinityrobot2017\robotcode\robotcode\debug\vc141.pdb
g:\robotics club\umlroboticsclub\trinityrobot2017\robotcode\robotcode\debug\vc141.idb
g:\robotics club\umlroboticsclub\trinityrobot2017\robotcode\robotcode\debug\camera.obj
g:\robotics club\umlroboticsclub\trinityrobot2017\robotcode\robotcode\debug\colorsensor.obj
g:\robotics club\umlroboticsclub\trinityrobot2017\robotcode\robotcode\debug\irsensor.obj
g:\robotics club\umlroboticsclub\trinityrobot2017\robotcode\robotcode\debug\laserscanner.obj
g:\robotics club\umlroboticsclub\trinityrobot2017\robotcode\robotcode\debug\navval.obj
g:\robotics club\umlroboticsclub\trinityrobot2017\robotcode\robotcode\debug\mazemapper.obj
g:\robotics club\umlroboticsclub\trinityrobot2017\robotcode\robotcode\debug\drive.obj
g:\robotics club\umlroboticsclub\trinityrobot2017\robotcode\robotcode\debug\main.obj
g:\robotics club\umlroboticsclub\trinityrobot2017\robotcode\robotcode\debug\occupancygrid.obj
g:\robotics club\umlroboticsclub\trinityrobot2017\robotcode\robotcode\debug\robot.obj
g:\robotics club\umlroboticsclub\trinityrobot2017\robotcode\robotcode\debug\node.obj
g:\robotics club\umlroboticsclub\trinityrobot2017\robotcode\robotcode\debug\point.obj
g:\robotics club\umlroboticsclub\trinityrobot2017\robotcode\debug\robotcode.pdb
g:\robotics club\umlroboticsclub\trinityrobot2017\robotcode\robotcode\debug\robotcode.tlog\cl.command.1.tlog
g:\robotics club\umlroboticsclub\trinityrobot2017\robotcode\robotcode\debug\robotcode.tlog\cl.read.1.tlog
g:\robotics club\umlroboticsclub\trinityrobot2017\robotcode\robotcode\debug\robotcode.tlog\cl.write.1.tlog
g:\robotics club\umlroboticsclub\trinityrobot2017\robotcode\robotcode\debug\robotcode.tlog\link-cvtres.read.1.tlog
g:\robotics club\umlroboticsclub\trinityrobot2017\robotcode\robotcode\debug\robotcode.tlog\link-cvtres.write.1.tlog
g:\robotics club\umlroboticsclub\trinityrobot2017\robotcode\robotcode\debug\robotcode.tlog\link-rc.read.1.tlog
g:\robotics club\umlroboticsclub\trinityrobot2017\robotcode\robotcode\debug\robotcode.tlog\link-rc.write.1.tlog
g:\robotics club\umlroboticsclub\trinityrobot2017\robotcode\robotcode\debug\robotcode.tlog\link.command.1.tlog
g:\robotics club\umlroboticsclub\trinityrobot2017\robotcode\robotcode\debug\robotcode.tlog\link.read.1.tlog
g:\robotics club\umlroboticsclub\trinityrobot2017\robotcode\robotcode\debug\robotcode.tlog\link.write.1.tlog
